g:\ap\acw_sudoku\acw_sudoku\release\vc140.pdb
g:\ap\acw_sudoku - nodingwall\acw_sudoku\release\vc140.pdb
g:\ap\acw_sudoku - nodingwall\acw_sudoku\release\sudokupuzzle.obj
g:\ap\acw_sudoku - nodingwall\acw_sudoku\release\main.obj
g:\ap\acw_sudoku - nodingwall\acw_sudoku\release\cellgroup.obj
g:\ap\acw_sudoku - nodingwall\acw_sudoku\release\cell.obj
g:\ap\acw_sudoku\acw_sudoku\release\sudoku.exe
g:\ap\acw_sudoku\acw_sudoku\release\sudoku.ipdb
g:\ap\acw_sudoku\acw_sudoku\release\sudoku.iobj
g:\ap\acw_sudoku\acw_sudoku\release\sudoku.pdb
g:\ap\acw_sudoku - nodingwall\acw_sudoku\release\sudoku.exe
g:\ap\acw_sudoku - nodingwall\acw_sudoku\release\sudoku.ipdb
g:\ap\acw_sudoku - nodingwall\acw_sudoku\release\sudoku.iobj
g:\ap\acw_sudoku - nodingwall\acw_sudoku\release\sudoku.pdb
g:\ap\acw_sudoku - nodingwall\acw_sudoku\release\sudoku.tlog\cl.read.1.tlog
g:\ap\acw_sudoku - nodingwall\acw_sudoku\release\sudoku.tlog\cl.write.1.tlog
g:\ap\acw_sudoku - nodingwall\acw_sudoku\release\sudoku.tlog\cl.command.1.tlog
g:\ap\acw_sudoku - nodingwall\acw_sudoku\release\sudoku.tlog\link.command.1.tlog
g:\ap\acw_sudoku - nodingwall\acw_sudoku\release\sudoku.tlog\link.read.1.tlog
g:\ap\acw_sudoku - nodingwall\acw_sudoku\release\sudoku.tlog\link.write.1.tlog
